<?xml version="1.0" encoding="UTF-8"?>
<testng-results skipped="0" failed="0" ignored="0" total="0" passed="0">
  <reporter-output>
  </reporter-output>
  <suite name="TestingSuite" duration-ms="9" started-at="2020-04-03T17:56:46 CDT" finished-at="2020-04-03T17:56:46 CDT">
    <groups>
    </groups>
    <test name="AddingContact" duration-ms="9" started-at="2020-04-03T17:56:46 CDT" finished-at="2020-04-03T17:56:46 CDT">
    </test> <!-- AddingContact -->
  </suite> <!-- TestingSuite -->
</testng-results>
