<?xml version="1.0" encoding="UTF-8"?>
<testng-results skipped="0" failed="0" ignored="0" total="1" passed="1">
  <reporter-output>
  </reporter-output>
  <suite name="TestingSuite" duration-ms="17003" started-at="2020-04-03T19:17:49 CDT" finished-at="2020-04-03T19:18:06 CDT">
    <groups>
    </groups>
    <test name="AddingContact" duration-ms="17003" started-at="2020-04-03T19:17:49 CDT" finished-at="2020-04-03T19:18:06 CDT">
      <class name="test.AddContactTest">
        <test-method status="PASS" signature="AddingContact(java.lang.String, java.lang.String, java.lang.String, java.lang.String, java.lang.String, java.lang.String, java.lang.String, java.lang.String, java.lang.String, java.lang.String)[pri:0, instance:test.AddContactTest@60438a68]" name="AddingContact" duration-ms="16979" started-at="2020-04-03T19:17:49 CDT" finished-at="2020-04-03T19:18:06 CDT">
          <params>
            <param index="0">
              <value>
                <![CDATA[techfiosdemo@gmail.com]]>
              </value>
            </param>
            <param index="1">
              <value>
                <![CDATA[abc123]]>
              </value>
            </param>
            <param index="2">
              <value>
                <![CDATA[Moon Thugga Thugga]]>
              </value>
            </param>
            <param index="3">
              <value>
                <![CDATA[sony]]>
              </value>
            </param>
            <param index="4">
              <value>
                <![CDATA[doodoo@gmail.com]]>
              </value>
            </param>
            <param index="5">
              <value>
                <![CDATA[678-383-198]]>
              </value>
            </param>
            <param index="6">
              <value>
                <![CDATA[6980 Lincoln St]]>
              </value>
            </param>
            <param index="7">
              <value>
                <![CDATA[ring]]>
              </value>
            </param>
            <param index="8">
              <value>
                <![CDATA[California]]>
              </value>
            </param>
            <param index="9">
              <value>
                <![CDATA[69696]]>
              </value>
            </param>
          </params>
          <reporter-output>
          </reporter-output>
        </test-method> <!-- AddingContact -->
      </class> <!-- test.AddContactTest -->
    </test> <!-- AddingContact -->
  </suite> <!-- TestingSuite -->
</testng-results>
